<?xml version="1.0" encoding="UTF-8"?>
<testsuite name="baseline.Solution26Test" tests="1" skipped="0" failures="0" errors="0" timestamp="2021-10-03T22:32:43" hostname="DESKTOP-6KCV8A5" time="0.013">
  <properties/>
  <testcase name="PaymentCalculator()" classname="baseline.Solution26Test" time="0.013"/>
  <system-out><![CDATA[]]></system-out>
  <system-err><![CDATA[]]></system-err>
</testsuite>
