<?xml version="1.0" encoding="UTF-8"?>
<testsuite name="baseline.Solution25Test" tests="1" skipped="0" failures="0" errors="0" timestamp="2021-10-03T20:25:51" hostname="DESKTOP-6KCV8A5" time="0.011">
  <properties/>
  <testcase name="passwordValidator()" classname="baseline.Solution25Test" time="0.011"/>
  <system-out><![CDATA[]]></system-out>
  <system-err><![CDATA[]]></system-err>
</testsuite>
